<?xml version="1.0" encoding="UTF-8"?>
<!-- Generated by org.testng.reporters.JUnitReportReporter -->
<testsuite hostname="shivu-PC" failures="0" tests="1" name="org.tq.EsignGenie.Test1" time="0.015" errors="0" timestamp="2020-06-23T15:36:26 IST" skipped="0">
  <testcase classname="org.tq.EsignGenie.Test1" name="test1" time="0.015"/>
  <system-out/>
</testsuite> <!-- org.tq.EsignGenie.Test1 -->
