<?xml version="1.0" encoding="UTF-8"?>
<!-- Generated by org.testng.reporters.JUnitReportReporter -->
<testsuite hostname="shivu-PC" failures="0" tests="5" name="org.tq.HomeTestScript.AllTabofHomeTestScript" time="243.528" errors="0" timestamp="2020-07-10T15:18:14 IST" skipped="1">
  <testcase classname="org.tq.HomeTestScript.AllTabofHomeTestScript" name="CreateDocumentFromHomePage" time="101.088"/>
  <system-out/>
  <testcase classname="org.tq.HomeTestScript.AllTabofHomeTestScript" name="VerifyDocumentwaitingformysignature" time="35.235"/>
  <system-out/>
  <testcase classname="org.tq.HomeTestScript.AllTabofHomeTestScript" name="VerifyDocumentwaitingforOthersignature" time="28.836"/>
  <system-out/>
  <testcase classname="org.tq.HomeTestScript.AllTabofHomeTestScript" name="VerifyContinueFromDraft" time="78.369"/>
  <system-out/>
  <testcase classname="org.tq.HomeTestScript.AllTabofHomeTestScript" name="VerifyProcessOfSignatureOfOnePartyToOtherParty">
    <skipped/>
  </testcase> <!-- VerifyProcessOfSignatureOfOnePartyToOtherParty -->
  <system-out/>
</testsuite> <!-- org.tq.HomeTestScript.AllTabofHomeTestScript -->
