<?xml version="1.0" encoding="UTF-8"?>
<!-- Generated by org.testng.reporters.JUnitReportReporter -->
<testsuite hostname="shivu-PC" failures="0" tests="13" name="org.tq.HomeTestScript.HomeTestScript" time="103.300" errors="0" timestamp="2020-07-06T09:41:09 IST" skipped="1">
  <testcase classname="org.tq.HomeTestScript.HomeTestScript" name="loginTest" time="16.547"/>
  <system-out/>
  <testcase classname="org.tq.HomeTestScript.HomeTestScript" name="createNewDocument" time="9.494"/>
  <system-out/>
  <testcase classname="org.tq.HomeTestScript.HomeTestScript" name="addMe" time="4.644"/>
  <system-out/>
  <testcase classname="org.tq.HomeTestScript.HomeTestScript" name="addNewParty" time="8.380"/>
  <system-out/>
  <testcase classname="org.tq.HomeTestScript.HomeTestScript" name="addSignatureField" time="6.569"/>
  <system-out/>
  <testcase classname="org.tq.HomeTestScript.HomeTestScript" name="addDataField" time="6.410"/>
  <system-out/>
  <testcase classname="org.tq.HomeTestScript.HomeTestScript" name="updatePartyOfInitialField" time="6.377"/>
  <system-out/>
  <testcase classname="org.tq.HomeTestScript.HomeTestScript" name="updatePartyOfSignerEmail" time="2.447"/>
  <system-out/>
  <testcase classname="org.tq.HomeTestScript.HomeTestScript" name="updatePartyOfSignerName" time="2.390"/>
  <system-out/>
  <testcase classname="org.tq.HomeTestScript.HomeTestScript" name="saveUploadedDocument" time="3.207"/>
  <system-out/>
  <testcase classname="org.tq.HomeTestScript.HomeTestScript" name="sendUploadedDocument" time="27.220"/>
  <system-out/>
  <testcase classname="org.tq.HomeTestScript.HomeTestScript" name="logOutApplication" time="9.615"/>
  <system-out/>
  <testcase classname="org.tq.HomeTestScript.HomeTestScript" name="VerifyTitleofESignGenie">
    <skipped/>
  </testcase> <!-- VerifyTitleofESignGenie -->
  <system-out/>
</testsuite> <!-- org.tq.HomeTestScript.HomeTestScript -->
