<?xml version="1.0" encoding="UTF-8"?>
<!-- Generated by org.testng.reporters.JUnitReportReporter -->
<testsuite hostname="shivu-PC" failures="0" tests="14" name="org.tq.HomeTestScript.HomeTestScript" time="102.154" errors="0" timestamp="2020-07-09T12:31:58 IST" skipped="2">
  <testcase classname="org.tq.HomeTestScript.HomeTestScript" name="loginTest" time="19.032"/>
  <system-out/>
  <testcase classname="org.tq.HomeTestScript.HomeTestScript" name="createNewDocument" time="9.281"/>
  <system-out/>
  <testcase classname="org.tq.HomeTestScript.HomeTestScript" name="addMe" time="2.788"/>
  <system-out/>
  <testcase classname="org.tq.HomeTestScript.HomeTestScript" name="addNewParty" time="9.482"/>
  <system-out/>
  <testcase classname="org.tq.HomeTestScript.HomeTestScript" name="addSignatureField" time="6.656"/>
  <system-out/>
  <testcase classname="org.tq.HomeTestScript.HomeTestScript" name="addDataField" time="6.411"/>
  <system-out/>
  <testcase classname="org.tq.HomeTestScript.HomeTestScript" name="updatePartyOfInitialField" time="6.373"/>
  <system-out/>
  <testcase classname="org.tq.HomeTestScript.HomeTestScript" name="updatePartyOfSignerEmail" time="2.449"/>
  <system-out/>
  <testcase classname="org.tq.HomeTestScript.HomeTestScript" name="updatePartyOfSignerName" time="2.427"/>
  <system-out/>
  <testcase classname="org.tq.HomeTestScript.HomeTestScript" name="saveUploadedDocument" time="3.208"/>
  <system-out/>
  <testcase classname="org.tq.HomeTestScript.HomeTestScript" name="sendUploadedDocument" time="23.629"/>
  <system-out/>
  <testcase classname="org.tq.HomeTestScript.HomeTestScript" name="logOutApplication" time="10.418"/>
  <system-out/>
  <testcase classname="org.tq.HomeTestScript.HomeTestScript" name="VerifyTitleofESignGenie">
    <skipped/>
  </testcase> <!-- VerifyTitleofESignGenie -->
  <system-out/>
  <testcase classname="org.tq.HomeTestScript.HomeTestScript" name="verifyDocumentWaitingForMySignature">
    <skipped/>
  </testcase> <!-- verifyDocumentWaitingForMySignature -->
  <system-out/>
</testsuite> <!-- org.tq.HomeTestScript.HomeTestScript -->
