<?xml version="1.0" encoding="UTF-8"?>
<!-- Generated by org.testng.reporters.JUnitReportReporter -->
<testsuite hostname="shivu-PC" failures="0" tests="14" name="org.tq.HomeTestScript.HomeTestScript" time="108.304" errors="0" timestamp="2020-07-10T15:35:43 IST" skipped="2">
  <testcase classname="org.tq.HomeTestScript.HomeTestScript" name="loginTest" time="16.235"/>
  <system-out/>
  <testcase classname="org.tq.HomeTestScript.HomeTestScript" name="createNewDocument" time="17.884"/>
  <system-out/>
  <testcase classname="org.tq.HomeTestScript.HomeTestScript" name="addMe" time="3.547"/>
  <system-out/>
  <testcase classname="org.tq.HomeTestScript.HomeTestScript" name="addNewParty" time="9.141"/>
  <system-out/>
  <testcase classname="org.tq.HomeTestScript.HomeTestScript" name="addSignatureField" time="6.882"/>
  <system-out/>
  <testcase classname="org.tq.HomeTestScript.HomeTestScript" name="addDataField" time="6.531"/>
  <system-out/>
  <testcase classname="org.tq.HomeTestScript.HomeTestScript" name="updatePartyOfInitialField" time="6.447"/>
  <system-out/>
  <testcase classname="org.tq.HomeTestScript.HomeTestScript" name="updatePartyOfSignerEmail" time="2.655"/>
  <system-out/>
  <testcase classname="org.tq.HomeTestScript.HomeTestScript" name="updatePartyOfSignerName" time="2.487"/>
  <system-out/>
  <testcase classname="org.tq.HomeTestScript.HomeTestScript" name="saveUploadedDocument" time="3.195"/>
  <system-out/>
  <testcase classname="org.tq.HomeTestScript.HomeTestScript" name="sendUploadedDocument" time="20.581"/>
  <system-out/>
  <testcase classname="org.tq.HomeTestScript.HomeTestScript" name="logOutApplication" time="12.719"/>
  <system-out/>
  <testcase classname="org.tq.HomeTestScript.HomeTestScript" name="VerifyTitleofESignGenie">
    <skipped/>
  </testcase> <!-- VerifyTitleofESignGenie -->
  <system-out/>
  <testcase classname="org.tq.HomeTestScript.HomeTestScript" name="verifyDocumentWaitingForMySignature">
    <skipped/>
  </testcase> <!-- verifyDocumentWaitingForMySignature -->
  <system-out/>
</testsuite> <!-- org.tq.HomeTestScript.HomeTestScript -->
