<?xml version="1.0" encoding="UTF-8"?>
<!-- Generated by org.testng.reporters.JUnitReportReporter -->
<testsuite hostname="shivu-PC" failures="0" tests="18" name="org.tq.HomeTestScript.HomeTestScript" time="336.264" errors="0" timestamp="2020-07-21T09:18:36 IST" skipped="1">
  <testcase classname="org.tq.HomeTestScript.HomeTestScript" name="loginTest" time="12.616"/>
  <system-out/>
  <testcase classname="org.tq.HomeTestScript.HomeTestScript" name="VerifyTitleofESignGenie" time="2.572"/>
  <system-out/>
  <testcase classname="org.tq.HomeTestScript.HomeTestScript" name="createNewDocument" time="37.195"/>
  <system-out/>
  <testcase classname="org.tq.HomeTestScript.HomeTestScript" name="addMe" time="3.138"/>
  <system-out/>
  <testcase classname="org.tq.HomeTestScript.HomeTestScript" name="addNewParty" time="8.861"/>
  <system-out/>
  <testcase classname="org.tq.HomeTestScript.HomeTestScript" name="addSignatureField" time="7.502"/>
  <system-out/>
  <testcase classname="org.tq.HomeTestScript.HomeTestScript" name="addDataField" time="11.099"/>
  <system-out/>
  <testcase classname="org.tq.HomeTestScript.HomeTestScript" name="updatePartyOfInitialField" time="6.871"/>
  <system-out/>
  <testcase classname="org.tq.HomeTestScript.HomeTestScript" name="updatePartyOfSignerEmail" time="2.886"/>
  <system-out/>
  <testcase classname="org.tq.HomeTestScript.HomeTestScript" name="updatePartyOfSignerName" time="2.906"/>
  <system-out/>
  <testcase classname="org.tq.HomeTestScript.HomeTestScript" name="saveUploadedDocument" time="3.742"/>
  <system-out/>
  <testcase classname="org.tq.HomeTestScript.HomeTestScript" name="sendUploadedDocument" time="25.156"/>
  <system-out/>
  <testcase classname="org.tq.HomeTestScript.HomeTestScript" name="logOutApplication" time="11.455"/>
  <system-out/>
  <testcase classname="org.tq.HomeTestScript.HomeTestScript" name="VerifyDocumentwaitingformysignature" time="35.354"/>
  <system-out/>
  <testcase classname="org.tq.HomeTestScript.HomeTestScript" name="VerifyDocumentwaitingforOthersignature" time="35.395"/>
  <system-out/>
  <testcase classname="org.tq.HomeTestScript.HomeTestScript" name="VerifyContinueFromDraft" time="106.673"/>
  <system-out/>
  <testcase classname="org.tq.HomeTestScript.HomeTestScript" name="VerifyCompletedDocument" time="22.843"/>
  <system-out/>
  <testcase classname="org.tq.HomeTestScript.HomeTestScript" name="verifyDocumentWaitingForMySignature">
    <skipped/>
  </testcase> <!-- verifyDocumentWaitingForMySignature -->
  <system-out/>
</testsuite> <!-- org.tq.HomeTestScript.HomeTestScript -->
