<?xml version="1.0" encoding="UTF-8"?>
<!-- Generated by org.testng.reporters.JUnitReportReporter -->
<testsuite hostname="shivu-PC" failures="0" tests="2" name="org.tq.EsignGenieTestScript.LogoutTest" time="18.390" errors="0" timestamp="2020-07-05T17:30:24 IST" skipped="0">
  <testcase classname="org.tq.EsignGenieTestScript.LogoutTest" name="loginTest" time="9.475"/>
  <system-out/>
  <testcase classname="org.tq.EsignGenieTestScript.LogoutTest" name="logOutApplication" time="8.915"/>
  <system-out/>
</testsuite> <!-- org.tq.EsignGenieTestScript.LogoutTest -->
