<?xml version="1.0" encoding="UTF-8"?>
<!-- Generated by org.testng.reporters.JUnitReportReporter -->
<testsuite hostname="shivu-PC" failures="0" tests="1" name="org.tq.Utility.EmailSent" time="8.409" errors="0" timestamp="2020-06-25T12:55:24 IST" skipped="0">
  <testcase classname="org.tq.Utility.EmailSent" name="emailSentAfterSuccessfullTestCaseExecution" time="8.409"/>
  <system-out/>
</testsuite> <!-- org.tq.Utility.EmailSent -->
