<?xml version="1.0" encoding="UTF-8"?>
<!-- Generated by org.testng.reporters.JUnitReportReporter -->
<testsuite hostname="shivu-PC" failures="0" tests="3" name="org.tq.EsignGenieTestScript.LoginTest" time="13.202" errors="0" timestamp="2020-07-06T10:46:54 IST" skipped="2">
  <testcase classname="org.tq.EsignGenieTestScript.LoginTest" name="verifyForgotPassword" time="13.202"/>
  <system-out/>
  <testcase classname="org.tq.EsignGenieTestScript.LoginTest" name="loginTest">
    <skipped/>
  </testcase> <!-- loginTest -->
  <system-out/>
  <testcase classname="org.tq.EsignGenieTestScript.LoginTest" name="verifyTitleofESignGenie">
    <skipped/>
  </testcase> <!-- verifyTitleofESignGenie -->
  <system-out/>
</testsuite> <!-- org.tq.EsignGenieTestScript.LoginTest -->
