<?xml version="1.0" encoding="UTF-8"?>
<!-- Generated by org.testng.reporters.JUnitReportReporter -->
<testsuite hostname="shivu-PC" failures="0" tests="14" name="org.tq.HomeTestScript.HomeTestScript" time="87.464" errors="0" timestamp="2020-07-10T15:21:51 IST" skipped="2">
  <testcase classname="org.tq.HomeTestScript.HomeTestScript" name="loginTest" time="8.214"/>
  <system-out/>
  <testcase classname="org.tq.HomeTestScript.HomeTestScript" name="createNewDocument" time="7.548"/>
  <system-out/>
  <testcase classname="org.tq.HomeTestScript.HomeTestScript" name="addMe" time="4.020"/>
  <system-out/>
  <testcase classname="org.tq.HomeTestScript.HomeTestScript" name="addNewParty" time="9.454"/>
  <system-out/>
  <testcase classname="org.tq.HomeTestScript.HomeTestScript" name="addSignatureField" time="6.730"/>
  <system-out/>
  <testcase classname="org.tq.HomeTestScript.HomeTestScript" name="addDataField" time="6.549"/>
  <system-out/>
  <testcase classname="org.tq.HomeTestScript.HomeTestScript" name="updatePartyOfInitialField" time="6.441"/>
  <system-out/>
  <testcase classname="org.tq.HomeTestScript.HomeTestScript" name="updatePartyOfSignerEmail" time="2.468"/>
  <system-out/>
  <testcase classname="org.tq.HomeTestScript.HomeTestScript" name="updatePartyOfSignerName" time="2.542"/>
  <system-out/>
  <testcase classname="org.tq.HomeTestScript.HomeTestScript" name="saveUploadedDocument" time="3.226"/>
  <system-out/>
  <testcase classname="org.tq.HomeTestScript.HomeTestScript" name="sendUploadedDocument" time="19.653"/>
  <system-out/>
  <testcase classname="org.tq.HomeTestScript.HomeTestScript" name="logOutApplication" time="10.619"/>
  <system-out/>
  <testcase classname="org.tq.HomeTestScript.HomeTestScript" name="VerifyTitleofESignGenie">
    <skipped/>
  </testcase> <!-- VerifyTitleofESignGenie -->
  <system-out/>
  <testcase classname="org.tq.HomeTestScript.HomeTestScript" name="verifyDocumentWaitingForMySignature">
    <skipped/>
  </testcase> <!-- verifyDocumentWaitingForMySignature -->
  <system-out/>
</testsuite> <!-- org.tq.HomeTestScript.HomeTestScript -->
