<?xml version="1.0" encoding="UTF-8"?>
<!-- Generated by org.testng.reporters.JUnitReportReporter -->
<testsuite hostname="shivu-PC" failures="0" tests="5" name="org.tq.HomeTestScript.AllTabofHomeTestScript" time="236.704" errors="0" timestamp="2020-07-13T16:25:09 IST" skipped="1">
  <testcase classname="org.tq.HomeTestScript.AllTabofHomeTestScript" name="CreateDocumentFromHomePage" time="97.919"/>
  <system-out/>
  <testcase classname="org.tq.HomeTestScript.AllTabofHomeTestScript" name="VerifyDocumentwaitingformysignature" time="32.938"/>
  <system-out/>
  <testcase classname="org.tq.HomeTestScript.AllTabofHomeTestScript" name="VerifyDocumentwaitingforOthersignature" time="28.326"/>
  <system-out/>
  <testcase classname="org.tq.HomeTestScript.AllTabofHomeTestScript" name="VerifyContinueFromDraft" time="77.521"/>
  <system-out/>
  <testcase classname="org.tq.HomeTestScript.AllTabofHomeTestScript" name="VerifyProcessOfSignatureOfOnePartyToOtherParty">
    <skipped/>
  </testcase> <!-- VerifyProcessOfSignatureOfOnePartyToOtherParty -->
  <system-out/>
</testsuite> <!-- org.tq.HomeTestScript.AllTabofHomeTestScript -->
